Using pre-set license
Built from '2020.3/release' branch; Version is '2020.3.15f2 (6cf78cb77498) revision 7141260'; Using compiler version '192528614'; Build Type 'Release'
OS: 'Windows 10 Home Single Language; OS build 19042.1415; Version 2009; 64bit' Language: 'es' Physical Memory: 15789 MB
BatchMode: 1, IsHumanControllingUs: 0, StartBugReporterOnCrash: 0, Is64bit: 1, IsPro: 0

 COMMAND LINE ARGUMENTS:
C:\Program Files\Unity\2020.3.15f2\Editor\Unity.exe
-adb2
-batchMode
-noUpm
-name
AssetImportWorker1
-projectPath
C:/VREscape/VREscapeRoom/VREscapeMult
-logFile
Logs/AssetImportWorker1.log
-srvPort
59608
Successfully changed project path to: C:/VREscape/VREscapeRoom/VREscapeMult
C:/VREscape/VREscapeRoom/VREscapeMult
Using Asset Import Pipeline V2.
Refreshing native plugins compatible for Editor in 148.39 ms, found 7 plugins.
Preloading 1 native plugins for Editor in 1.49 ms.
Initialize engine version: 2020.3.15f2 (6cf78cb77498)
[Subsystems] Discovering subsystems at path C:/Program Files/Unity/2020.3.15f2/Editor/Data/Resources/UnitySubsystems
[Subsystems] Discovering subsystems at path C:/VREscape/VREscapeRoom/VREscapeMult/Assets
GfxDevice: creating device client; threaded=0
Direct3D:
    Version:  Direct3D 11.0 [level 11.1]
    Renderer: NVIDIA GeForce GTX 1660 Ti (ID=0x2191)
    Vendor:   
    VRAM:     5991 MB
    Driver:   27.21.14.6192
Shader 'Oculus/OVRMRCameraFrameLit': fallback shader 'Alpha-Diffuse' not found
Shader 'Universal Render Pipeline/Particles/Lit': fallback shader 'Universal Render Pipeline/Particles/SimpleLit' not found
Initialize mono
Mono path[0] = 'C:/Program Files/Unity/2020.3.15f2/Editor/Data/Managed'
Mono path[1] = 'C:/Program Files/Unity/2020.3.15f2/Editor/Data/MonoBleedingEdge/lib/mono/unityjit'
Mono config path = 'C:/Program Files/Unity/2020.3.15f2/Editor/Data/MonoBleedingEdge/etc'
Using monoOptions --debugger-agent=transport=dt_socket,embedding=1,server=y,suspend=n,address=127.0.0.1:56436
Begin MonoManager ReloadAssembly
Registering precompiled unity dll's ...
Register platform support module: C:/Program Files/Unity/2020.3.15f2/Editor/Data/PlaybackEngines/WebGLSupport/UnityEditor.WebGL.Extensions.dll
Register platform support module: C:/Program Files/Unity/2020.3.15f2/Editor/Data/PlaybackEngines/WindowsStandaloneSupport/UnityEditor.WindowsStandalone.Extensions.dll
Registered in 0.002883 seconds.
Native extension for WindowsStandalone target not found
Native extension for WebGL target not found
Refreshing native plugins compatible for Editor in 222.21 ms, found 7 plugins.
Preloading 1 native plugins for Editor in 0.16 ms.
Mono: successfully reloaded assembly
- Completed reload, in  2.670 seconds
Domain Reload Profiling:
	ReloadAssembly (2670ms)
		BeginReloadAssembly (59ms)
			ExecutionOrderSort (0ms)
			DisableScriptedObjects (0ms)
			BackupInstance (0ms)
			ReleaseScriptingObjects (0ms)
			CreateAndSetChildDomain (1ms)
		EndReloadAssembly (624ms)
			LoadAssemblies (56ms)
			RebuildTransferFunctionScriptingTraits (0ms)
			SetupTypeCache (144ms)
			ReleaseScriptCaches (0ms)
			RebuildScriptCaches (39ms)
			SetupLoadedEditorAssemblies (355ms)
				LogAssemblyErrors (0ms)
				InitializePlatformSupportModulesInManaged (5ms)
				SetLoadedEditorAssemblies (1ms)
				RefreshPlugins (222ms)
				BeforeProcessingInitializeOnLoad (15ms)
				ProcessInitializeOnLoadAttributes (85ms)
				ProcessInitializeOnLoadMethodAttributes (27ms)
				AfterProcessingInitializeOnLoad (0ms)
				EditorAssembliesLoaded (0ms)
			ExecutionOrderSort2 (0ms)
			AwakeInstancesAfterBackupRestoration (0ms)
Platform modules already initialized, skipping
Registering precompiled user dll's ...
Registered in 0.011677 seconds.
Begin MonoManager ReloadAssembly
Native extension for WindowsStandalone target not found
Native extension for WebGL target not found
Refreshing native plugins compatible for Editor in 159.95 ms, found 7 plugins.
Preloading 1 native plugins for Editor in 0.15 ms.
[XR] OculusXRPlugin: registering subsystems
[XR] Unable to register display lifecyle provider: [1]
[XR] Oculus Input lifecycle provider registered.
[XR] Unable to register input lifecyle provider: [1]
[XR] OVRP version 1.66.0
Mono: successfully reloaded assembly
- Completed reload, in  4.186 seconds
Domain Reload Profiling:
	ReloadAssembly (4187ms)
		BeginReloadAssembly (144ms)
			ExecutionOrderSort (0ms)
			DisableScriptedObjects (5ms)
			BackupInstance (0ms)
			ReleaseScriptingObjects (0ms)
			CreateAndSetChildDomain (19ms)
		EndReloadAssembly (3978ms)
			LoadAssemblies (123ms)
			RebuildTransferFunctionScriptingTraits (0ms)
			SetupTypeCache (368ms)
			ReleaseScriptCaches (1ms)
			RebuildScriptCaches (107ms)
			SetupLoadedEditorAssemblies (3231ms)
				LogAssemblyErrors (0ms)
				InitializePlatformSupportModulesInManaged (5ms)
				SetLoadedEditorAssemblies (0ms)
				RefreshPlugins (160ms)
				BeforeProcessingInitializeOnLoad (192ms)
				ProcessInitializeOnLoadAttributes (1954ms)
				ProcessInitializeOnLoadMethodAttributes (912ms)
				AfterProcessingInitializeOnLoad (8ms)
				EditorAssembliesLoaded (0ms)
			ExecutionOrderSort2 (0ms)
			AwakeInstancesAfterBackupRestoration (6ms)
Platform modules already initialized, skipping
========================================================================
Worker process is ready to serve import requests
Shader 'Oculus/OVRMRCameraFrameLit': fallback shader 'Alpha-Diffuse' not found
Shader 'Universal Render Pipeline/Particles/Lit': fallback shader 'Universal Render Pipeline/Particles/SimpleLit' not found
Launched and connected shader compiler UnityShaderCompiler.exe after 0.07 seconds
Refreshing native plugins compatible for Editor in 1.51 ms, found 7 plugins.
Preloading 1 native plugins for Editor in 0.12 ms.
Unloading 5142 Unused Serialized files (Serialized files now loaded: 0)
System memory in use before: 285.9 MB.
System memory in use after: 284.6 MB.

Unloading 1438 unused Assets to reduce memory usage. Loaded Objects now: 5449.
Total: 6.887100 ms (FindLiveObjects: 0.816500 ms CreateObjectMapping: 0.372200 ms MarkObjects: 3.897000 ms  DeleteObjects: 1.799500 ms)

AssetImportParameters requested are different than current active one (requested -> active):
  custom:framework-win-MediaFoundation: 216162199b28c13a410421893ffa2e32 -> 
  custom:video-decoder-ogg-theora: a1e56fd34408186e4bbccfd4996cb3dc -> 
  custom:container-muxer-webm: aa71ff27fc2769a1b78a27578f13a17b -> 
  custom:container-demuxer-webm: 4f35f7cbe854078d1ac9338744f61a02 -> 
  custom:container-demuxer-ogg: 62fdf1f143b41e24485cea50d1cbac27 -> 
  custom:video-encoder-webm-vp8: eb34c28f22e8b96e1ab97ce403110664 -> 
  custom:video-codec-MediaFoundation-h265: 746d11721c4dcdbdad8f713fa42b33f4 -> 
  custom:video-decoder-webm-vp8: 9c59270c3fd7afecdb556c50c9e8de78 -> 
  custom:audio-decoder-ogg-vorbis: bf7c407c2cedff20999df2af8eb42d56 -> 
  custom:audio-encoder-webm-vorbis: bf7c407c2cedff20999df2af8eb42d56 -> 
========================================================================
Received Import Request.
  path: Assets/DevKits/Normal/Examples/VR Player/Resources/VR Player.prefab
  artifactKey: Guid(132fa799030920d4cb15dfab7ec5c45f) Importer(815301076,1909f56bfc062723c751e8b465ee728b)
Start importing Assets/DevKits/Normal/Examples/VR Player/Resources/VR Player.prefab using Guid(132fa799030920d4cb15dfab7ec5c45f) Importer(815301076,1909f56bfc062723c751e8b465ee728b)  -> (artifact id: '934ad315d253fd15a752c669dcd95b76') in 0.339161 seconds 
  Import took 0.347943 seconds .

========================================================================
Received Import Request.
  Time since last request: 340.689829 seconds.
  path: Assets/Oculus/VR/Scenes/HandTest.unity
  artifactKey: Guid(b9a31e08066d6e343a208d34ec298f09) Importer(815301076,1909f56bfc062723c751e8b465ee728b)
Start importing Assets/Oculus/VR/Scenes/HandTest.unity using Guid(b9a31e08066d6e343a208d34ec298f09) Importer(815301076,1909f56bfc062723c751e8b465ee728b)  -> (artifact id: 'f391470107ab4c5c67b998d3ac778286') in 0.008737 seconds 
  Import took 0.017729 seconds .

========================================================================
Received Import Request.
  Time since last request: 49.206652 seconds.
  path: Assets/Oculus/VR/Prefabs/OVRPlayerController.prefab
  artifactKey: Guid(ce816f2e6abb0504092c23ed9b970dfd) Importer(815301076,1909f56bfc062723c751e8b465ee728b)
Start importing Assets/Oculus/VR/Prefabs/OVRPlayerController.prefab using Guid(ce816f2e6abb0504092c23ed9b970dfd) Importer(815301076,1909f56bfc062723c751e8b465ee728b)  -> (artifact id: '97b005f8ef5293f117e6075f46b9ea38') in 0.012738 seconds 
  Import took 0.020637 seconds .

========================================================================
Received Import Request.
  Time since last request: 24.750984 seconds.
  path: Assets/Oculus/VR/Plugins
  artifactKey: Guid(e1f06b56b3e7614419c5db24e2262938) Importer(815301076,1909f56bfc062723c751e8b465ee728b)
Start importing Assets/Oculus/VR/Plugins using Guid(e1f06b56b3e7614419c5db24e2262938) Importer(815301076,1909f56bfc062723c751e8b465ee728b)  -> (artifact id: 'cbfc841a4505ca5c4b01ee5a5cc1a1a3') in 0.007225 seconds 
  Import took 0.015006 seconds .

========================================================================
Received Import Request.
  Time since last request: 0.610996 seconds.
  path: Assets/Oculus/VR/Prefabs
  artifactKey: Guid(bfe39332fdb4cb044b619b3e4b890396) Importer(815301076,1909f56bfc062723c751e8b465ee728b)
Start importing Assets/Oculus/VR/Prefabs using Guid(bfe39332fdb4cb044b619b3e4b890396) Importer(815301076,1909f56bfc062723c751e8b465ee728b)  -> (artifact id: '6b66986c812a387d4fc2e52307bc2d66') in 0.007339 seconds 
  Import took 0.016243 seconds .

========================================================================
Received Import Request.
  Time since last request: 6.008067 seconds.
  path: Assets/Oculus/VR
  artifactKey: Guid(39d3384e572e96c428b34ff8e6f44db5) Importer(815301076,1909f56bfc062723c751e8b465ee728b)
Start importing Assets/Oculus/VR using Guid(39d3384e572e96c428b34ff8e6f44db5) Importer(815301076,1909f56bfc062723c751e8b465ee728b)  -> (artifact id: '93d0afe77f48e5b4168d58aea3995c36') in 0.006852 seconds 
  Import took 0.015312 seconds .

========================================================================
Received Import Request.
  Time since last request: 28.400293 seconds.
  path: Assets/DevKits/Normal/Examples/Blank Scene Template/Blank Scene Template.unity
  artifactKey: Guid(2ffd2b20e178a18488e514c2fb89219c) Importer(815301076,1909f56bfc062723c751e8b465ee728b)
Start importing Assets/DevKits/Normal/Examples/Blank Scene Template/Blank Scene Template.unity using Guid(2ffd2b20e178a18488e514c2fb89219c) Importer(815301076,1909f56bfc062723c751e8b465ee728b)  -> (artifact id: '97037f69c206d036355814608f4c55b9') in 0.008684 seconds 
  Import took 0.016512 seconds .

========================================================================
Received Import Request.
  Time since last request: 25.967587 seconds.
  path: Packages/com.microsoft.mixedreality.toolkit.foundation/Providers/Oculus/XRSDK/MRTK-Quest/Prefabs/MRTK-Quest_OVRCameraRig.prefab
  artifactKey: Guid(69a746aa83d0d0e45b4e2d33eab0fff4) Importer(815301076,1909f56bfc062723c751e8b465ee728b)
Start importing Packages/com.microsoft.mixedreality.toolkit.foundation/Providers/Oculus/XRSDK/MRTK-Quest/Prefabs/MRTK-Quest_OVRCameraRig.prefab using Guid(69a746aa83d0d0e45b4e2d33eab0fff4) Importer(815301076,1909f56bfc062723c751e8b465ee728b)  -> (artifact id: '676fab6b5a96b2ee209d4c5958b60eec') in 0.172601 seconds 
  Import took 0.181687 seconds .

========================================================================
Received Import Request.
  Time since last request: 1.020335 seconds.
  path: Assets/Oculus/VR/Prefabs/OVRCameraRig.prefab
  artifactKey: Guid(126d619cf4daa52469682f85c1378b4a) Importer(815301076,1909f56bfc062723c751e8b465ee728b)
Start importing Assets/Oculus/VR/Prefabs/OVRCameraRig.prefab using Guid(126d619cf4daa52469682f85c1378b4a) Importer(815301076,1909f56bfc062723c751e8b465ee728b)  -> (artifact id: '04bf0d14f3cb3fa080b94940b95af77d') in 0.012910 seconds 
  Import took 0.021518 seconds .

========================================================================
Received Import Request.
  Time since last request: 157.438677 seconds.
  path: Assets/Oculus/VR/Prefabs/OVRCustomHandPrefab_R.prefab
  artifactKey: Guid(e201a24a09e942042b93390d0444d728) Importer(815301076,1909f56bfc062723c751e8b465ee728b)
Start importing Assets/Oculus/VR/Prefabs/OVRCustomHandPrefab_R.prefab using Guid(e201a24a09e942042b93390d0444d728) Importer(815301076,1909f56bfc062723c751e8b465ee728b)  -> (artifact id: 'dbab1e3505a6f3de07a156fcd249ae0e') in 0.021275 seconds 
  Import took 0.030683 seconds .

========================================================================
Received Import Request.
  Time since last request: 0.002692 seconds.
  path: Assets/Oculus/VR/Prefabs/OVRCustomHandPrefab_R.prefab
  artifactKey: Guid(e201a24a09e942042b93390d0444d728) Importer(815301076,1909f56bfc062723c751e8b465ee728b)
Start importing Assets/Oculus/VR/Prefabs/OVRCustomHandPrefab_R.prefab using Guid(e201a24a09e942042b93390d0444d728) Importer(815301076,1909f56bfc062723c751e8b465ee728b)  -> (artifact id: 'dbab1e3505a6f3de07a156fcd249ae0e') in 0.015179 seconds 
  Import took 0.023314 seconds .

========================================================================
Received Prepare
Registering precompiled user dll's ...
Registered in 0.011606 seconds.
Begin MonoManager ReloadAssembly
Native extension for WindowsStandalone target not found
Native extension for WebGL target not found
Refreshing native plugins compatible for Editor in 1.60 ms, found 7 plugins.
Preloading 1 native plugins for Editor in 0.17 ms.
Error when attempting to update scene info fields. Scene info data may be stale.
UnityEngine.StackTraceUtility:ExtractStackTrace ()
UnityEngine.DebugLogHandler:LogFormat (UnityEngine.LogType,UnityEngine.Object,string,object[])
UnityEngine.Logger:Log (UnityEngine.LogType,object)
UnityEngine.Debug:LogWarning (object)
Microsoft.MixedReality.Toolkit.Editor.SceneInfoUtils:RefreshSceneInfoFieldsInScriptableObjects () (at Library/PackageCache/com.microsoft.mixedreality.toolkit.foundation@3f77644e1050-1637080635209/Core/Inspectors/PropertyDrawers/SceneInfoUtils.cs:313)
Microsoft.MixedReality.Toolkit.Editor.SceneInfoUtils:InitializeOnLoad () (at Library/PackageCache/com.microsoft.mixedreality.toolkit.foundation@3f77644e1050-1637080635209/Core/Inspectors/PropertyDrawers/SceneInfoUtils.cs:231)
System.Reflection.MonoMethod:Invoke (object,System.Reflection.BindingFlags,System.Reflection.Binder,object[],System.Globalization.CultureInfo)
System.Reflection.MethodBase:Invoke (object,object[])
UnityEditor.EditorAssemblies:ProcessInitializeOnLoadMethodAttributes ()

(Filename: Library/PackageCache/com.microsoft.mixedreality.toolkit.foundation@3f77644e1050-1637080635209/Core/Inspectors/PropertyDrawers/SceneInfoUtils.cs Line: 313)

Mono: successfully reloaded assembly
- Completed reload, in  3.243 seconds
Domain Reload Profiling:
	ReloadAssembly (3243ms)
		BeginReloadAssembly (162ms)
			ExecutionOrderSort (0ms)
			DisableScriptedObjects (6ms)
			BackupInstance (0ms)
			ReleaseScriptingObjects (0ms)
			CreateAndSetChildDomain (53ms)
		EndReloadAssembly (3012ms)
			LoadAssemblies (128ms)
			RebuildTransferFunctionScriptingTraits (0ms)
			SetupTypeCache (358ms)
			ReleaseScriptCaches (2ms)
			RebuildScriptCaches (66ms)
			SetupLoadedEditorAssemblies (2278ms)
				LogAssemblyErrors (0ms)
				InitializePlatformSupportModulesInManaged (5ms)
				SetLoadedEditorAssemblies (0ms)
				RefreshPlugins (2ms)
				BeforeProcessingInitializeOnLoad (163ms)
				ProcessInitializeOnLoadAttributes (1556ms)
				ProcessInitializeOnLoadMethodAttributes (542ms)
				AfterProcessingInitializeOnLoad (9ms)
				EditorAssembliesLoaded (0ms)
			ExecutionOrderSort2 (0ms)
			AwakeInstancesAfterBackupRestoration (13ms)
Platform modules already initialized, skipping
Switching build target platform(19) subTarget(0) extendedPlatform(0) -> platform(13) subTarget(524294) extendedPlatform(0)
Shader 'Oculus/OVRMRCameraFrameLit': fallback shader 'Alpha-Diffuse' not found
Shader 'Universal Render Pipeline/Particles/Lit': fallback shader 'Universal Render Pipeline/Particles/SimpleLit' not found
Refreshing native plugins compatible for Editor in 1.78 ms, found 7 plugins.
Preloading 1 native plugins for Editor in 0.20 ms.
Unloading 4873 Unused Serialized files (Serialized files now loaded: 0)
System memory in use before: 305.5 MB.
System memory in use after: 304.4 MB.

Unloading 550 unused Assets to reduce memory usage. Loaded Objects now: 5499.
Total: 5.862400 ms (FindLiveObjects: 0.724700 ms CreateObjectMapping: 0.284900 ms MarkObjects: 3.486800 ms  DeleteObjects: 1.364300 ms)

AssetImportParameters requested are different than current active one (requested -> active):
  custom:framework-win-MediaFoundation: 216162199b28c13a410421893ffa2e32 -> 
  custom:video-decoder-ogg-theora: a1e56fd34408186e4bbccfd4996cb3dc -> 
  custom:container-muxer-webm: aa71ff27fc2769a1b78a27578f13a17b -> 
  custom:container-demuxer-webm: 4f35f7cbe854078d1ac9338744f61a02 -> 
  custom:container-demuxer-ogg: 62fdf1f143b41e24485cea50d1cbac27 -> 
  custom:video-encoder-webm-vp8: eb34c28f22e8b96e1ab97ce403110664 -> 
  custom:video-codec-MediaFoundation-h265: 746d11721c4dcdbdad8f713fa42b33f4 -> 
  custom:video-decoder-webm-vp8: 9c59270c3fd7afecdb556c50c9e8de78 -> 
  custom:graphics/normal-map-encoding: 01000000000000000000000000000000 -> 02000000000000000000000000000000
  custom:audio-decoder-ogg-vorbis: bf7c407c2cedff20999df2af8eb42d56 -> 
  custom:audio-encoder-webm-vorbis: bf7c407c2cedff20999df2af8eb42d56 -> 
========================================================================
Received Prepare
Registering precompiled user dll's ...
Registered in 0.011066 seconds.
Begin MonoManager ReloadAssembly
Native extension for WindowsStandalone target not found
Native extension for WebGL target not found
Refreshing native plugins compatible for Editor in 1.70 ms, found 7 plugins.
Preloading 1 native plugins for Editor in 0.15 ms.
Error when attempting to update scene info fields. Scene info data may be stale.
UnityEngine.StackTraceUtility:ExtractStackTrace ()
UnityEngine.DebugLogHandler:LogFormat (UnityEngine.LogType,UnityEngine.Object,string,object[])
UnityEngine.Logger:Log (UnityEngine.LogType,object)
UnityEngine.Debug:LogWarning (object)
Microsoft.MixedReality.Toolkit.Editor.SceneInfoUtils:RefreshSceneInfoFieldsInScriptableObjects () (at Library/PackageCache/com.microsoft.mixedreality.toolkit.foundation@3f77644e1050-1637080635209/Core/Inspectors/PropertyDrawers/SceneInfoUtils.cs:313)
Microsoft.MixedReality.Toolkit.Editor.SceneInfoUtils:InitializeOnLoad () (at Library/PackageCache/com.microsoft.mixedreality.toolkit.foundation@3f77644e1050-1637080635209/Core/Inspectors/PropertyDrawers/SceneInfoUtils.cs:231)
System.Reflection.MonoMethod:Invoke (object,System.Reflection.BindingFlags,System.Reflection.Binder,object[],System.Globalization.CultureInfo)
System.Reflection.MethodBase:Invoke (object,object[])
UnityEditor.EditorAssemblies:ProcessInitializeOnLoadMethodAttributes ()

(Filename: Library/PackageCache/com.microsoft.mixedreality.toolkit.foundation@3f77644e1050-1637080635209/Core/Inspectors/PropertyDrawers/SceneInfoUtils.cs Line: 313)

Mono: successfully reloaded assembly
- Completed reload, in  3.424 seconds
Domain Reload Profiling:
	ReloadAssembly (3424ms)
		BeginReloadAssembly (144ms)
			ExecutionOrderSort (0ms)
			DisableScriptedObjects (5ms)
			BackupInstance (0ms)
			ReleaseScriptingObjects (0ms)
			CreateAndSetChildDomain (47ms)
		EndReloadAssembly (3207ms)
			LoadAssemblies (137ms)
			RebuildTransferFunctionScriptingTraits (0ms)
			SetupTypeCache (372ms)
			ReleaseScriptCaches (2ms)
			RebuildScriptCaches (69ms)
			SetupLoadedEditorAssemblies (2437ms)
				LogAssemblyErrors (0ms)
				InitializePlatformSupportModulesInManaged (5ms)
				SetLoadedEditorAssemblies (0ms)
				RefreshPlugins (2ms)
				BeforeProcessingInitializeOnLoad (162ms)
				ProcessInitializeOnLoadAttributes (1574ms)
				ProcessInitializeOnLoadMethodAttributes (684ms)
				AfterProcessingInitializeOnLoad (8ms)
				EditorAssembliesLoaded (0ms)
			ExecutionOrderSort2 (0ms)
			AwakeInstancesAfterBackupRestoration (15ms)
Platform modules already initialized, skipping
Switching build target platform(19) subTarget(0) extendedPlatform(0) -> platform(13) subTarget(524294) extendedPlatform(0)
Shader 'Oculus/OVRMRCameraFrameLit': fallback shader 'Alpha-Diffuse' not found
Shader 'Universal Render Pipeline/Particles/Lit': fallback shader 'Universal Render Pipeline/Particles/SimpleLit' not found
Refreshing native plugins compatible for Editor in 1.57 ms, found 7 plugins.
Preloading 1 native plugins for Editor in 0.13 ms.
Unloading 4873 Unused Serialized files (Serialized files now loaded: 0)
System memory in use before: 305.6 MB.
System memory in use after: 304.6 MB.

Unloading 550 unused Assets to reduce memory usage. Loaded Objects now: 5503.
Total: 5.762400 ms (FindLiveObjects: 0.746600 ms CreateObjectMapping: 0.298300 ms MarkObjects: 3.284800 ms  DeleteObjects: 1.430700 ms)

AssetImportParameters requested are different than current active one (requested -> active):
  custom:framework-win-MediaFoundation: 216162199b28c13a410421893ffa2e32 -> 
  custom:video-decoder-ogg-theora: a1e56fd34408186e4bbccfd4996cb3dc -> 
  custom:container-muxer-webm: aa71ff27fc2769a1b78a27578f13a17b -> 
  custom:container-demuxer-webm: 4f35f7cbe854078d1ac9338744f61a02 -> 
  custom:container-demuxer-ogg: 62fdf1f143b41e24485cea50d1cbac27 -> 
  custom:video-encoder-webm-vp8: eb34c28f22e8b96e1ab97ce403110664 -> 
  custom:video-codec-MediaFoundation-h265: 746d11721c4dcdbdad8f713fa42b33f4 -> 
  custom:video-decoder-webm-vp8: 9c59270c3fd7afecdb556c50c9e8de78 -> 
  custom:graphics/normal-map-encoding: 01000000000000000000000000000000 -> 02000000000000000000000000000000
  custom:audio-decoder-ogg-vorbis: bf7c407c2cedff20999df2af8eb42d56 -> 
  custom:audio-encoder-webm-vorbis: bf7c407c2cedff20999df2af8eb42d56 -> 
========================================================================
Received Import Request.
  Time since last request: 204.700547 seconds.
  path: Assets/Oculus/LipSync
  artifactKey: Guid(b8ee27f3fcb615346937a3e88e808dad) Importer(815301076,1909f56bfc062723c751e8b465ee728b)
Start importing Assets/Oculus/LipSync using Guid(b8ee27f3fcb615346937a3e88e808dad) Importer(815301076,1909f56bfc062723c751e8b465ee728b)  -> (artifact id: 'efa55baf66716370943cc5e31fadc386') in 0.013236 seconds 
  Import took 0.023112 seconds .

========================================================================
Received Import Request.
  Time since last request: 366.617404 seconds.
  path: Assets/Oculus/VR/Scenes/MRC.unity
  artifactKey: Guid(c249320cff740054f973da7f7e24bd1f) Importer(815301076,1909f56bfc062723c751e8b465ee728b)
Start importing Assets/Oculus/VR/Scenes/MRC.unity using Guid(c249320cff740054f973da7f7e24bd1f) Importer(815301076,1909f56bfc062723c751e8b465ee728b)  -> (artifact id: '56b3e6238ddc7b14765686dc8e9849cd') in 0.131259 seconds 
  Import took 0.140804 seconds .

========================================================================
Received Import Request.
  Time since last request: 11.028986 seconds.
  path: Assets/Oculus/VR/Scenes/Room.unity
  artifactKey: Guid(54445976c1dbf1c49bb38ba7eba558e8) Importer(815301076,1909f56bfc062723c751e8b465ee728b)
Start importing Assets/Oculus/VR/Scenes/Room.unity using Guid(54445976c1dbf1c49bb38ba7eba558e8) Importer(815301076,1909f56bfc062723c751e8b465ee728b)  -> (artifact id: '3107dfd285e934566841c42d9a5fa994') in 0.008449 seconds 
  Import took 0.017538 seconds .

========================================================================
Received Import Request.
  Time since last request: 7.667757 seconds.
  path: Assets/Oculus/VR/Scenes/UI.unity
  artifactKey: Guid(1f4d3ae64a10d434db219de8b14348e1) Importer(815301076,1909f56bfc062723c751e8b465ee728b)
Start importing Assets/Oculus/VR/Scenes/UI.unity using Guid(1f4d3ae64a10d434db219de8b14348e1) Importer(815301076,1909f56bfc062723c751e8b465ee728b)  -> (artifact id: 'd1103a8461e2487872e9a4b232dc5d2f') in 0.007766 seconds 
  Import took 0.016314 seconds .

========================================================================
Received Import Request.
  Time since last request: 11.616001 seconds.
  path: Assets/Oculus/VR/Scenes/Trivial.unity
  artifactKey: Guid(d8d21f2460d13554780e4af04a9e0d6e) Importer(815301076,1909f56bfc062723c751e8b465ee728b)
Start importing Assets/Oculus/VR/Scenes/Trivial.unity using Guid(d8d21f2460d13554780e4af04a9e0d6e) Importer(815301076,1909f56bfc062723c751e8b465ee728b)  -> (artifact id: '17af4719abea862b6b1311b61d6beea9') in 0.007961 seconds 
  Import took 0.016865 seconds .

========================================================================
Received Import Request.
  Time since last request: 18.483927 seconds.
  path: Assets/Oculus/VR/Scenes/ControllerModels.unity
  artifactKey: Guid(39cfe7aa0a2d46c47994d8d0308ec663) Importer(815301076,1909f56bfc062723c751e8b465ee728b)
Start importing Assets/Oculus/VR/Scenes/ControllerModels.unity using Guid(39cfe7aa0a2d46c47994d8d0308ec663) Importer(815301076,1909f56bfc062723c751e8b465ee728b)  -> (artifact id: '1b507023f6e5e2a64b9aef72b924bd09') in 0.008322 seconds 
  Import took 0.016559 seconds .

========================================================================
Received Import Request.
  Time since last request: 3.578318 seconds.
  path: Assets/Oculus/VR/Scenes/Cubes.unity
  artifactKey: Guid(d920b3d2525670f4abad3d20eda3b349) Importer(815301076,1909f56bfc062723c751e8b465ee728b)
Start importing Assets/Oculus/VR/Scenes/Cubes.unity using Guid(d920b3d2525670f4abad3d20eda3b349) Importer(815301076,1909f56bfc062723c751e8b465ee728b)  -> (artifact id: 'be6f2b338eea5a0c8d746144e6eb01fd') in 0.007350 seconds 
  Import took 0.016544 seconds .

========================================================================
Received Import Request.
  Time since last request: 44.721008 seconds.
  path: Assets/Oculus/VR/Scenes/HandTest_Custom.unity
  artifactKey: Guid(c884d076d6398b54492bcc64bbe30bf5) Importer(815301076,1909f56bfc062723c751e8b465ee728b)
Start importing Assets/Oculus/VR/Scenes/HandTest_Custom.unity using Guid(c884d076d6398b54492bcc64bbe30bf5) Importer(815301076,1909f56bfc062723c751e8b465ee728b)  -> (artifact id: '3f1de0446628808c860bcf70be33da6c') in 0.008340 seconds 
  Import took 0.016559 seconds .

========================================================================
Received Prepare
Registering precompiled user dll's ...
Registered in 0.012333 seconds.
Begin MonoManager ReloadAssembly
Native extension for WindowsStandalone target not found
Native extension for WebGL target not found
Refreshing native plugins compatible for Editor in 1.60 ms, found 7 plugins.
Preloading 1 native plugins for Editor in 0.15 ms.
Error when attempting to update scene info fields. Scene info data may be stale.
UnityEngine.StackTraceUtility:ExtractStackTrace ()
UnityEngine.DebugLogHandler:LogFormat (UnityEngine.LogType,UnityEngine.Object,string,object[])
UnityEngine.Logger:Log (UnityEngine.LogType,object)
UnityEngine.Debug:LogWarning (object)
Microsoft.MixedReality.Toolkit.Editor.SceneInfoUtils:RefreshSceneInfoFieldsInScriptableObjects () (at Library/PackageCache/com.microsoft.mixedreality.toolkit.foundation@3f77644e1050-1637080635209/Core/Inspectors/PropertyDrawers/SceneInfoUtils.cs:313)
Microsoft.MixedReality.Toolkit.Editor.SceneInfoUtils:InitializeOnLoad () (at Library/PackageCache/com.microsoft.mixedreality.toolkit.foundation@3f77644e1050-1637080635209/Core/Inspectors/PropertyDrawers/SceneInfoUtils.cs:231)
System.Reflection.MonoMethod:Invoke (object,System.Reflection.BindingFlags,System.Reflection.Binder,object[],System.Globalization.CultureInfo)
System.Reflection.MethodBase:Invoke (object,object[])
UnityEditor.EditorAssemblies:ProcessInitializeOnLoadMethodAttributes ()

(Filename: Library/PackageCache/com.microsoft.mixedreality.toolkit.foundation@3f77644e1050-1637080635209/Core/Inspectors/PropertyDrawers/SceneInfoUtils.cs Line: 313)

Mono: successfully reloaded assembly
- Completed reload, in  3.138 seconds
Domain Reload Profiling:
	ReloadAssembly (3138ms)
		BeginReloadAssembly (137ms)
			ExecutionOrderSort (0ms)
			DisableScriptedObjects (5ms)
			BackupInstance (0ms)
			ReleaseScriptingObjects (0ms)
			CreateAndSetChildDomain (48ms)
		EndReloadAssembly (2935ms)
			LoadAssemblies (126ms)
			RebuildTransferFunctionScriptingTraits (0ms)
			SetupTypeCache (352ms)
			ReleaseScriptCaches (2ms)
			RebuildScriptCaches (66ms)
			SetupLoadedEditorAssemblies (2192ms)
				LogAssemblyErrors (0ms)
				InitializePlatformSupportModulesInManaged (5ms)
				SetLoadedEditorAssemblies (0ms)
				RefreshPlugins (2ms)
				BeforeProcessingInitializeOnLoad (152ms)
				ProcessInitializeOnLoadAttributes (1405ms)
				ProcessInitializeOnLoadMethodAttributes (620ms)
				AfterProcessingInitializeOnLoad (8ms)
				EditorAssembliesLoaded (0ms)
			ExecutionOrderSort2 (0ms)
			AwakeInstancesAfterBackupRestoration (12ms)
Platform modules already initialized, skipping
Switching build target platform(19) subTarget(0) extendedPlatform(0) -> platform(13) subTarget(524294) extendedPlatform(0)
Shader 'Oculus/OVRMRCameraFrameLit': fallback shader 'Alpha-Diffuse' not found
Shader 'Universal Render Pipeline/Particles/Lit': fallback shader 'Universal Render Pipeline/Particles/SimpleLit' not found
Refreshing native plugins compatible for Editor in 1.62 ms, found 7 plugins.
Preloading 1 native plugins for Editor in 0.14 ms.
Unloading 4873 Unused Serialized files (Serialized files now loaded: 0)
System memory in use before: 305.7 MB.
System memory in use after: 304.7 MB.

Unloading 550 unused Assets to reduce memory usage. Loaded Objects now: 5507.
Total: 6.029000 ms (FindLiveObjects: 0.741400 ms CreateObjectMapping: 0.318500 ms MarkObjects: 3.376700 ms  DeleteObjects: 1.590200 ms)

AssetImportParameters requested are different than current active one (requested -> active):
  custom:framework-win-MediaFoundation: 216162199b28c13a410421893ffa2e32 -> 
  custom:video-decoder-ogg-theora: a1e56fd34408186e4bbccfd4996cb3dc -> 
  custom:container-muxer-webm: aa71ff27fc2769a1b78a27578f13a17b -> 
  custom:container-demuxer-webm: 4f35f7cbe854078d1ac9338744f61a02 -> 
  custom:container-demuxer-ogg: 62fdf1f143b41e24485cea50d1cbac27 -> 
  custom:video-encoder-webm-vp8: eb34c28f22e8b96e1ab97ce403110664 -> 
  custom:video-codec-MediaFoundation-h265: 746d11721c4dcdbdad8f713fa42b33f4 -> 
  custom:video-decoder-webm-vp8: 9c59270c3fd7afecdb556c50c9e8de78 -> 
  custom:graphics/normal-map-encoding: 01000000000000000000000000000000 -> 02000000000000000000000000000000
  custom:audio-decoder-ogg-vorbis: bf7c407c2cedff20999df2af8eb42d56 -> 
  custom:audio-encoder-webm-vorbis: bf7c407c2cedff20999df2af8eb42d56 -> 
========================================================================
Received Prepare
Registering precompiled user dll's ...
Registered in 0.010748 seconds.
Begin MonoManager ReloadAssembly
Native extension for WindowsStandalone target not found
Native extension for WebGL target not found
Refreshing native plugins compatible for Editor in 1.61 ms, found 7 plugins.
Preloading 1 native plugins for Editor in 0.15 ms.
Error when attempting to update scene info fields. Scene info data may be stale.
UnityEngine.StackTraceUtility:ExtractStackTrace ()
UnityEngine.DebugLogHandler:LogFormat (UnityEngine.LogType,UnityEngine.Object,string,object[])
UnityEngine.Logger:Log (UnityEngine.LogType,object)
UnityEngine.Debug:LogWarning (object)
Microsoft.MixedReality.Toolkit.Editor.SceneInfoUtils:RefreshSceneInfoFieldsInScriptableObjects () (at Library/PackageCache/com.microsoft.mixedreality.toolkit.foundation@3f77644e1050-1637080635209/Core/Inspectors/PropertyDrawers/SceneInfoUtils.cs:313)
Microsoft.MixedReality.Toolkit.Editor.SceneInfoUtils:InitializeOnLoad () (at Library/PackageCache/com.microsoft.mixedreality.toolkit.foundation@3f77644e1050-1637080635209/Core/Inspectors/PropertyDrawers/SceneInfoUtils.cs:231)
System.Reflection.MonoMethod:Invoke (object,System.Reflection.BindingFlags,System.Reflection.Binder,object[],System.Globalization.CultureInfo)
System.Reflection.MethodBase:Invoke (object,object[])
UnityEditor.EditorAssemblies:ProcessInitializeOnLoadMethodAttributes ()

(Filename: Library/PackageCache/com.microsoft.mixedreality.toolkit.foundation@3f77644e1050-1637080635209/Core/Inspectors/PropertyDrawers/SceneInfoUtils.cs Line: 313)

Mono: successfully reloaded assembly
- Completed reload, in  3.031 seconds
Domain Reload Profiling:
	ReloadAssembly (3032ms)
		BeginReloadAssembly (127ms)
			ExecutionOrderSort (0ms)
			DisableScriptedObjects (5ms)
			BackupInstance (0ms)
			ReleaseScriptingObjects (0ms)
			CreateAndSetChildDomain (45ms)
		EndReloadAssembly (2837ms)
			LoadAssemblies (113ms)
			RebuildTransferFunctionScriptingTraits (0ms)
			SetupTypeCache (335ms)
			ReleaseScriptCaches (2ms)
			RebuildScriptCaches (63ms)
			SetupLoadedEditorAssemblies (2134ms)
				LogAssemblyErrors (0ms)
				InitializePlatformSupportModulesInManaged (5ms)
				SetLoadedEditorAssemblies (1ms)
				RefreshPlugins (2ms)
				BeforeProcessingInitializeOnLoad (151ms)
				ProcessInitializeOnLoadAttributes (1402ms)
				ProcessInitializeOnLoadMethodAttributes (566ms)
				AfterProcessingInitializeOnLoad (7ms)
				EditorAssembliesLoaded (0ms)
			ExecutionOrderSort2 (0ms)
			AwakeInstancesAfterBackupRestoration (12ms)
Platform modules already initialized, skipping
Switching build target platform(19) subTarget(0) extendedPlatform(0) -> platform(13) subTarget(524294) extendedPlatform(0)
Shader 'Oculus/OVRMRCameraFrameLit': fallback shader 'Alpha-Diffuse' not found
Shader 'Universal Render Pipeline/Particles/Lit': fallback shader 'Universal Render Pipeline/Particles/SimpleLit' not found
Refreshing native plugins compatible for Editor in 1.65 ms, found 7 plugins.
Preloading 1 native plugins for Editor in 0.17 ms.
Unloading 4873 Unused Serialized files (Serialized files now loaded: 0)
System memory in use before: 305.7 MB.
System memory in use after: 304.7 MB.

Unloading 550 unused Assets to reduce memory usage. Loaded Objects now: 5511.
Total: 5.927600 ms (FindLiveObjects: 0.612800 ms CreateObjectMapping: 0.296200 ms MarkObjects: 3.541700 ms  DeleteObjects: 1.475600 ms)

AssetImportParameters requested are different than current active one (requested -> active):
  custom:framework-win-MediaFoundation: 216162199b28c13a410421893ffa2e32 -> 
  custom:video-decoder-ogg-theora: a1e56fd34408186e4bbccfd4996cb3dc -> 
  custom:container-muxer-webm: aa71ff27fc2769a1b78a27578f13a17b -> 
  custom:container-demuxer-webm: 4f35f7cbe854078d1ac9338744f61a02 -> 
  custom:container-demuxer-ogg: 62fdf1f143b41e24485cea50d1cbac27 -> 
  custom:video-encoder-webm-vp8: eb34c28f22e8b96e1ab97ce403110664 -> 
  custom:video-codec-MediaFoundation-h265: 746d11721c4dcdbdad8f713fa42b33f4 -> 
  custom:video-decoder-webm-vp8: 9c59270c3fd7afecdb556c50c9e8de78 -> 
  custom:graphics/normal-map-encoding: 01000000000000000000000000000000 -> 02000000000000000000000000000000
  custom:audio-decoder-ogg-vorbis: bf7c407c2cedff20999df2af8eb42d56 -> 
  custom:audio-encoder-webm-vorbis: bf7c407c2cedff20999df2af8eb42d56 -> 
========================================================================
Received Import Request.
  Time since last request: 170.373827 seconds.
  path: Assets/ProjectAssets/251-2518560_chrome-frame-png-square-white-box-with-thin.png
  artifactKey: Guid(33dc20e54d6a9894aa98d13483dbf04a) Importer(815301076,1909f56bfc062723c751e8b465ee728b)
Start importing Assets/ProjectAssets/251-2518560_chrome-frame-png-square-white-box-with-thin.png using Guid(33dc20e54d6a9894aa98d13483dbf04a) Importer(815301076,1909f56bfc062723c751e8b465ee728b)  -> (artifact id: 'de1e76aeaf7c75438c4ef7aa29035cc3') in 0.345506 seconds 
  Import took 0.355671 seconds .

========================================================================
Received Import Request.
  Time since last request: 0.000457 seconds.
  path: Assets/ProjectAssets/WallV1-12.fbx
  artifactKey: Guid(ba967c3ba44ed4e4aaecf1d4874ed331) Importer(815301076,1909f56bfc062723c751e8b465ee728b)
Start importing Assets/ProjectAssets/WallV1-12.fbx using Guid(ba967c3ba44ed4e4aaecf1d4874ed331) Importer(815301076,1909f56bfc062723c751e8b465ee728b)  -> (artifact id: '29f48fc5ef7c1ddebfa97c8568c0f6f8') in 0.187653 seconds 
  Import took 0.198545 seconds .

========================================================================
Received Import Request.
  Time since last request: 0.000436 seconds.
  path: Assets/ProjectAssets/Scripts/CheckChocolate.cs
  artifactKey: Guid(e683517f9808acc409a9046c0ecf7090) Importer(815301076,1909f56bfc062723c751e8b465ee728b)
Start importing Assets/ProjectAssets/Scripts/CheckChocolate.cs using Guid(e683517f9808acc409a9046c0ecf7090) Importer(815301076,1909f56bfc062723c751e8b465ee728b)  -> (artifact id: 'a77b7d9125639ebf423fe0507f5bf6bb') in 0.028787 seconds 
  Import took 0.041048 seconds .

========================================================================
Received Import Request.
  Time since last request: 0.000270 seconds.
  path: Assets/ProjectAssets/Scripts/CheckCollision.cs
  artifactKey: Guid(1aa304256e17add46bfb16478aed590c) Importer(815301076,1909f56bfc062723c751e8b465ee728b)
Start importing Assets/ProjectAssets/Scripts/CheckCollision.cs using Guid(1aa304256e17add46bfb16478aed590c) Importer(815301076,1909f56bfc062723c751e8b465ee728b)  -> (artifact id: 'd1cc798c8addd5dfde1bbb79fab901de') in 0.007524 seconds 
  Import took 0.016215 seconds .

========================================================================
Received Import Request.
  Time since last request: 11.834160 seconds.
  path: Assets/External Assets/acteck
  artifactKey: Guid(b8b19117cb8165246b3e8137a9817172) Importer(815301076,1909f56bfc062723c751e8b465ee728b)
Start importing Assets/External Assets/acteck using Guid(b8b19117cb8165246b3e8137a9817172) Importer(815301076,1909f56bfc062723c751e8b465ee728b)  -> (artifact id: 'aec0ccd532f5633103af899cc3f5ee44') in 0.007700 seconds 
  Import took 0.016242 seconds .

========================================================================
Received Import Request.
  Time since last request: 11.486026 seconds.
  path: Assets/ProjectAssets/Scenes/Nivel 1.unity
  artifactKey: Guid(9fc0d4010bbf28b4594072e72b8655ab) Importer(815301076,1909f56bfc062723c751e8b465ee728b)
Start importing Assets/ProjectAssets/Scenes/Nivel 1.unity using Guid(9fc0d4010bbf28b4594072e72b8655ab) Importer(815301076,1909f56bfc062723c751e8b465ee728b)  -> (artifact id: 'fb647b5368afff78be720f640dda9593') in 0.008368 seconds 
  Import took 0.016830 seconds .

